2024-03-15T13:44:37.742+07:00  INFO 7588 --- [demo] [main] com.dani.demo.DemoApplication            : Starting DemoApplication using Java 21.0.2 with PID 7588 (C:\Users\DANI\Downloads\demo 3\demo\build\classes\java\main started by DANI in C:\Users\DANI\Downloads\demo 3\demo)
2024-03-15T13:44:37.745+07:00  INFO 7588 --- [demo] [main] com.dani.demo.DemoApplication            : No active profile set, falling back to 1 default profile: "default"
2024-03-15T13:44:39.535+07:00  INFO 7588 --- [demo] [main] o.s.b.w.embedded.tomcat.TomcatWebServer  : Tomcat initialized with port 8080 (http)
2024-03-15T13:44:39.551+07:00  INFO 7588 --- [demo] [main] o.apache.catalina.core.StandardService   : Starting service [Tomcat]
2024-03-15T13:44:39.552+07:00  INFO 7588 --- [demo] [main] o.apache.catalina.core.StandardEngine    : Starting Servlet engine: [Apache Tomcat/10.1.19]
2024-03-15T13:44:39.621+07:00  INFO 7588 --- [demo] [main] o.a.c.c.C.[Tomcat].[localhost].[/]       : Initializing Spring embedded WebApplicationContext
2024-03-15T13:44:39.622+07:00  INFO 7588 --- [demo] [main] w.s.c.ServletWebServerApplicationContext : Root WebApplicationContext: initialization completed in 1813 ms
2024-03-15T13:44:40.482+07:00  INFO 7588 --- [demo] [main] o.s.b.a.e.web.EndpointLinksResolver      : Exposing 1 endpoint(s) beneath base path '/actuator'
2024-03-15T13:44:40.574+07:00  INFO 7588 --- [demo] [main] o.s.b.w.embedded.tomcat.TomcatWebServer  : Tomcat started on port 8080 (http) with context path ''
2024-03-15T13:44:40.590+07:00  INFO 7588 --- [demo] [main] com.dani.demo.DemoApplication            : Started DemoApplication in 3.424 seconds (process running for 3.848)
2024-03-15T13:45:47.737+07:00  INFO 7588 --- [demo] [http-nio-8080-exec-1] o.a.c.c.C.[Tomcat].[localhost].[/]       : Initializing Spring DispatcherServlet 'dispatcherServlet'
2024-03-15T13:45:47.737+07:00  INFO 7588 --- [demo] [http-nio-8080-exec-1] o.s.web.servlet.DispatcherServlet        : Initializing Servlet 'dispatcherServlet'
2024-03-15T13:45:47.740+07:00  INFO 7588 --- [demo] [http-nio-8080-exec-1] o.s.web.servlet.DispatcherServlet        : Completed initialization in 1 ms
2024-03-15T13:46:38.697+07:00  INFO 2784 --- [demo] [main] com.dani.demo.DemoApplication            : Starting DemoApplication using Java 21.0.2 with PID 2784 (C:\Users\DANI\Downloads\demo 3\demo\build\classes\java\main started by DANI in C:\Users\DANI\Downloads\demo 3\demo)
2024-03-15T13:46:38.700+07:00  INFO 2784 --- [demo] [main] com.dani.demo.DemoApplication            : No active profile set, falling back to 1 default profile: "default"
2024-03-15T13:46:40.381+07:00  INFO 2784 --- [demo] [main] o.s.b.w.embedded.tomcat.TomcatWebServer  : Tomcat initialized with port 8080 (http)
2024-03-15T13:46:40.395+07:00  INFO 2784 --- [demo] [main] o.apache.catalina.core.StandardService   : Starting service [Tomcat]
2024-03-15T13:46:40.396+07:00  INFO 2784 --- [demo] [main] o.apache.catalina.core.StandardEngine    : Starting Servlet engine: [Apache Tomcat/10.1.19]
2024-03-15T13:46:40.463+07:00  INFO 2784 --- [demo] [main] o.a.c.c.C.[Tomcat].[localhost].[/]       : Initializing Spring embedded WebApplicationContext
2024-03-15T13:46:40.463+07:00  INFO 2784 --- [demo] [main] w.s.c.ServletWebServerApplicationContext : Root WebApplicationContext: initialization completed in 1698 ms
2024-03-15T13:46:41.254+07:00  INFO 2784 --- [demo] [main] o.s.b.a.e.web.EndpointLinksResolver      : Exposing 1 endpoint(s) beneath base path '/actuator'
2024-03-15T13:46:41.344+07:00  INFO 2784 --- [demo] [main] o.s.b.w.embedded.tomcat.TomcatWebServer  : Tomcat started on port 8080 (http) with context path ''
2024-03-15T13:46:41.360+07:00  INFO 2784 --- [demo] [main] com.dani.demo.DemoApplication            : Started DemoApplication in 3.231 seconds (process running for 3.653)
2024-03-15T13:48:44.300+07:00  INFO 2784 --- [demo] [http-nio-8080-exec-1] o.a.c.c.C.[Tomcat].[localhost].[/]       : Initializing Spring DispatcherServlet 'dispatcherServlet'
2024-03-15T13:48:44.301+07:00  INFO 2784 --- [demo] [http-nio-8080-exec-1] o.s.web.servlet.DispatcherServlet        : Initializing Servlet 'dispatcherServlet'
2024-03-15T13:48:44.302+07:00  INFO 2784 --- [demo] [http-nio-8080-exec-1] o.s.web.servlet.DispatcherServlet        : Completed initialization in 1 ms
2024-03-15T13:57:14.321+07:00  WARN 2784 --- [demo] [http-nio-8080-exec-3] .w.s.m.s.DefaultHandlerExceptionResolver : Resolved [org.springframework.web.HttpMediaTypeNotSupportedException: Content-Type 'multipart/form-data;boundary=--------------------------850736227706400054956107;charset=UTF-8' is not supported]
2024-03-15T13:58:54.508+07:00  WARN 2784 --- [demo] [http-nio-8080-exec-6] .w.s.m.s.DefaultHandlerExceptionResolver : Resolved [org.springframework.web.HttpMediaTypeNotSupportedException: Content-Type 'multipart/form-data;boundary=--------------------------920192254866875564638112;charset=UTF-8' is not supported]
2024-03-15T14:14:34.952+07:00  INFO 15068 --- [demo] [main] com.dani.demo.DemoApplication            : Starting DemoApplication using Java 21.0.2 with PID 15068 (C:\Users\DANI\Downloads\demo 3\demo\build\classes\java\main started by DANI in C:\Users\DANI\Downloads\demo 3\demo)
2024-03-15T14:14:34.955+07:00  INFO 15068 --- [demo] [main] com.dani.demo.DemoApplication            : No active profile set, falling back to 1 default profile: "default"
2024-03-15T14:14:36.621+07:00  INFO 15068 --- [demo] [main] o.s.b.w.embedded.tomcat.TomcatWebServer  : Tomcat initialized with port 8080 (http)
2024-03-15T14:14:36.636+07:00  INFO 15068 --- [demo] [main] o.apache.catalina.core.StandardService   : Starting service [Tomcat]
2024-03-15T14:14:36.636+07:00  INFO 15068 --- [demo] [main] o.apache.catalina.core.StandardEngine    : Starting Servlet engine: [Apache Tomcat/10.1.19]
2024-03-15T14:14:36.704+07:00  INFO 15068 --- [demo] [main] o.a.c.c.C.[Tomcat].[localhost].[/]       : Initializing Spring embedded WebApplicationContext
2024-03-15T14:14:36.704+07:00  INFO 15068 --- [demo] [main] w.s.c.ServletWebServerApplicationContext : Root WebApplicationContext: initialization completed in 1686 ms
2024-03-15T14:14:37.490+07:00  INFO 15068 --- [demo] [main] o.s.b.a.e.web.EndpointLinksResolver      : Exposing 1 endpoint(s) beneath base path '/actuator'
2024-03-15T14:14:37.584+07:00  INFO 15068 --- [demo] [main] o.s.b.w.embedded.tomcat.TomcatWebServer  : Tomcat started on port 8080 (http) with context path ''
2024-03-15T14:14:37.602+07:00  INFO 15068 --- [demo] [main] com.dani.demo.DemoApplication            : Started DemoApplication in 3.211 seconds (process running for 3.631)
2024-03-15T14:14:50.939+07:00  INFO 15068 --- [demo] [http-nio-8080-exec-2] o.a.c.c.C.[Tomcat].[localhost].[/]       : Initializing Spring DispatcherServlet 'dispatcherServlet'
2024-03-15T14:14:50.940+07:00  INFO 15068 --- [demo] [http-nio-8080-exec-2] o.s.web.servlet.DispatcherServlet        : Initializing Servlet 'dispatcherServlet'
2024-03-15T14:14:50.942+07:00  INFO 15068 --- [demo] [http-nio-8080-exec-2] o.s.web.servlet.DispatcherServlet        : Completed initialization in 2 ms
